D:\APPLICATION\EBDFL1.0\EBDFL1.0\DEBUG\EBDFL1.0.PCH
D:\APPLICATION\EBDFL1.0\EBDFL1.0\DEBUG\STDAFX.OBJ
D:\APPLICATION\EBDFL1.0\EBDFL1.0\DEBUG\VC110.PDB
D:\APPLICATION\EBDFL1.0\EBDFL1.0\DEBUG\EBDFL1.0.OBJ
D:\APPLICATION\EBDFL1.0\EBDFL1.0\DEBUG\EBDFL1.0DLG.OBJ
D:\APPLICATION\EBDFL1.0\DEBUG\EBDFL1.0.ILK
D:\APPLICATION\EBDFL1.0\DEBUG\EBDFL1.0.EXE
D:\APPLICATION\EBDFL1.0\DEBUG\EBDFL1.0.PDB
D:\APPLICATION\EBDFL1.0\EBDFL1.0\DEBUG\EBDFL1.0.RES
D:\Application\eBDFL1.0\eBDFL1.0\Debug\eBDFL1.0.obj
D:\Application\eBDFL1.0\eBDFL1.0\Debug\eBDFL1.0Dlg.obj
D:\Application\eBDFL1.0\eBDFL1.0\Debug\stdafx.obj
D:\Application\eBDFL1.0\eBDFL1.0\Debug\cl.command.1.tlog
D:\Application\eBDFL1.0\eBDFL1.0\Debug\CL.read.1.tlog
D:\Application\eBDFL1.0\eBDFL1.0\Debug\CL.write.1.tlog
D:\Application\eBDFL1.0\eBDFL1.0\Debug\link-cvtres.read.1.tlog
D:\Application\eBDFL1.0\eBDFL1.0\Debug\link-cvtres.write.1.tlog
D:\Application\eBDFL1.0\eBDFL1.0\Debug\link-mt.read.1.tlog
D:\Application\eBDFL1.0\eBDFL1.0\Debug\link-mt.write.1.tlog
D:\Application\eBDFL1.0\eBDFL1.0\Debug\link-rc.read.1.tlog
D:\Application\eBDFL1.0\eBDFL1.0\Debug\link-rc.write.1.tlog
D:\Application\eBDFL1.0\eBDFL1.0\Debug\link.command.1.tlog
D:\Application\eBDFL1.0\eBDFL1.0\Debug\link.read.1.tlog
D:\Application\eBDFL1.0\eBDFL1.0\Debug\link.write.1.tlog
D:\Application\eBDFL1.0\eBDFL1.0\Debug\rc.command.1.tlog
D:\Application\eBDFL1.0\eBDFL1.0\Debug\rc.read.1.tlog
D:\Application\eBDFL1.0\eBDFL1.0\Debug\rc.write.1.tlog
D:\Application\eBDFL1.0\eBDFL1.0\Debug\eBDFL1.0.res
D:\Application\eBDFL1.0\eBDFL1.0\Debug\eBDFL1.0.pch
D:\Application\eBDFL1.0\eBDFL1.0\Debug\vc110.idb
D:\Application\eBDFL1.0\eBDFL1.0\Debug\vc110.pdb
D:\Application\eBDFL1.0\Debug\eBDFL1.0.pdb
D:\Application\eBDFL1.0\Debug\eBDFL1.0.exe
D:\Application\eBDFL1.0\Debug\eBDFL1.0.ilk
